2024-12-17 10:16:49.033 [main] INFO  com.shuangqi.aiagent7.Aiagent7Application - Starting Aiagent7Application using Java 17.0.2 with PID 25111 (/Users/lishuangqi/myWork/aiagent7/target/classes started by lishuangqi in /Users/lishuangqi/myWork/aiagent7)
2024-12-17 10:16:49.038 [main] INFO  com.shuangqi.aiagent7.Aiagent7Application - No active profile set, falling back to 1 default profile: "default"
2024-12-17 10:16:49.493 [main] INFO  o.s.boot.web.embedded.tomcat.TomcatWebServer - Tomcat initialized with port 8078 (http)
2024-12-17 10:16:49.500 [main] INFO  org.apache.coyote.http11.Http11NioProtocol - Initializing ProtocolHandler ["http-nio-8078"]
2024-12-17 10:16:49.501 [main] INFO  org.apache.catalina.core.StandardService - Starting service [Tomcat]
2024-12-17 10:16:49.501 [main] INFO  org.apache.catalina.core.StandardEngine - Starting Servlet engine: [Apache Tomcat/10.1.34]
2024-12-17 10:16:49.526 [main] INFO  o.a.c.core.ContainerBase.[Tomcat].[localhost].[/] - Initializing Spring embedded WebApplicationContext
2024-12-17 10:16:49.527 [main] INFO  o.s.b.w.s.c.ServletWebServerApplicationContext - Root WebApplicationContext: initialization completed in 470 ms
2024-12-17 10:16:49.775 [main] INFO  o.s.b.a.web.servlet.WelcomePageHandlerMapping - Adding welcome page: class path resource [static/index.html]
2024-12-17 10:16:49.913 [main] INFO  org.apache.coyote.http11.Http11NioProtocol - Starting ProtocolHandler ["http-nio-8078"]
2024-12-17 10:16:49.918 [main] INFO  o.s.boot.web.embedded.tomcat.TomcatWebServer - Tomcat started on port 8078 (http) with context path '/'
2024-12-17 10:16:49.924 [main] INFO  com.shuangqi.aiagent7.Aiagent7Application - Started Aiagent7Application in 1.138 seconds (process running for 1.781)
2024-12-17 10:17:20.796 [http-nio-8078-exec-2] INFO  o.a.c.core.ContainerBase.[Tomcat].[localhost].[/] - Initializing Spring DispatcherServlet 'dispatcherServlet'
2024-12-17 10:17:20.796 [http-nio-8078-exec-2] INFO  org.springframework.web.servlet.DispatcherServlet - Initializing Servlet 'dispatcherServlet'
2024-12-17 10:17:20.797 [http-nio-8078-exec-2] INFO  org.springframework.web.servlet.DispatcherServlet - Completed initialization in 1 ms
2024-12-17 10:17:20.806 [http-nio-8078-exec-2] INFO  com.shuangqi.aiagent7.config.WebLogInterceptor - Request: GET /chatMemory/chat
2024-12-17 10:17:27.056 [http-nio-8078-exec-2] INFO  com.shuangqi.aiagent7.config.WebLogInterceptor - Response: GET /chatMemory/chat took 6249ms
2024-12-17 10:18:06.491 [http-nio-8078-exec-3] INFO  com.shuangqi.aiagent7.config.WebLogInterceptor - Request: GET /chatMemory/chat
2024-12-17 10:18:09.962 [http-nio-8078-exec-3] INFO  com.shuangqi.aiagent7.config.WebLogInterceptor - Response: GET /chatMemory/chat took 3471ms
2024-12-17 10:18:26.720 [http-nio-8078-exec-4] INFO  com.shuangqi.aiagent7.config.WebLogInterceptor - Request: GET /chatMemory/chat
2024-12-17 10:18:31.666 [http-nio-8078-exec-4] INFO  com.shuangqi.aiagent7.config.WebLogInterceptor - Response: GET /chatMemory/chat took 4945ms
2024-12-17 10:18:38.582 [http-nio-8078-exec-5] INFO  com.shuangqi.aiagent7.config.WebLogInterceptor - Request: GET /chatMemory/chat
2024-12-17 10:18:41.181 [http-nio-8078-exec-5] INFO  com.shuangqi.aiagent7.config.WebLogInterceptor - Response: GET /chatMemory/chat took 2599ms
2024-12-17 10:18:56.963 [http-nio-8078-exec-6] INFO  com.shuangqi.aiagent7.config.WebLogInterceptor - Request: GET /chat/string
2024-12-17 10:18:59.536 [http-nio-8078-exec-6] INFO  com.shuangqi.aiagent7.config.WebLogInterceptor - Response: GET /chat/string took 2573ms
2024-12-17 10:19:36.462 [http-nio-8078-exec-7] INFO  com.shuangqi.aiagent7.config.WebLogInterceptor - Request: GET /chat/string
2024-12-17 10:19:38.367 [http-nio-8078-exec-7] INFO  com.shuangqi.aiagent7.config.WebLogInterceptor - Response: GET /chat/string took 1905ms
