2024-12-13 16:36:13.551 [main] INFO  com.shuangqi.aiagent7.Aiagent7Application - Starting Aiagent7Application using Java 17.0.2 with PID 13337 (/Users/lishuangqi/myWork/aiagent7/target/classes started by lishuangqi in /Users/lishuangqi/myWork/aiagent7)
2024-12-13 16:36:13.554 [main] INFO  com.shuangqi.aiagent7.Aiagent7Application - No active profile set, falling back to 1 default profile: "default"
2024-12-13 16:36:14.348 [main] INFO  o.s.boot.web.embedded.tomcat.TomcatWebServer - Tomcat initialized with port 8078 (http)
2024-12-13 16:36:14.358 [main] INFO  org.apache.coyote.http11.Http11NioProtocol - Initializing ProtocolHandler ["http-nio-8078"]
2024-12-13 16:36:14.360 [main] INFO  org.apache.catalina.core.StandardService - Starting service [Tomcat]
2024-12-13 16:36:14.360 [main] INFO  org.apache.catalina.core.StandardEngine - Starting Servlet engine: [Apache Tomcat/10.1.34]
2024-12-13 16:36:14.399 [main] INFO  o.a.c.core.ContainerBase.[Tomcat].[localhost].[/] - Initializing Spring embedded WebApplicationContext
2024-12-13 16:36:14.399 [main] INFO  o.s.b.w.s.c.ServletWebServerApplicationContext - Root WebApplicationContext: initialization completed in 807 ms
2024-12-13 16:36:14.756 [main] INFO  o.s.b.a.web.servlet.WelcomePageHandlerMapping - Adding welcome page: class path resource [static/index.html]
2024-12-13 16:36:14.959 [main] INFO  org.apache.coyote.http11.Http11NioProtocol - Starting ProtocolHandler ["http-nio-8078"]
2024-12-13 16:36:14.966 [main] INFO  o.s.boot.web.embedded.tomcat.TomcatWebServer - Tomcat started on port 8078 (http) with context path '/'
2024-12-13 16:36:14.978 [main] INFO  com.shuangqi.aiagent7.Aiagent7Application - Started Aiagent7Application in 2.023 seconds (process running for 2.639)
2024-12-13 16:36:17.386 [http-nio-8078-exec-1] INFO  o.a.c.core.ContainerBase.[Tomcat].[localhost].[/] - Initializing Spring DispatcherServlet 'dispatcherServlet'
2024-12-13 16:36:17.386 [http-nio-8078-exec-1] INFO  org.springframework.web.servlet.DispatcherServlet - Initializing Servlet 'dispatcherServlet'
2024-12-13 16:36:17.388 [http-nio-8078-exec-1] INFO  org.springframework.web.servlet.DispatcherServlet - Completed initialization in 1 ms
2024-12-13 16:36:17.399 [http-nio-8078-exec-1] INFO  com.shuangqi.aiagent7.config.WebLogInterceptor - Request: GET /advisor1
2024-12-13 16:36:17.415 [http-nio-8078-exec-1] INFO  c.s.aiagent7.controller.demo.AdvisorDemoController - advisor1: 用户id-2:你是谁
2024-12-13 16:36:20.963 [http-nio-8078-exec-1] INFO  com.shuangqi.aiagent7.config.WebLogInterceptor - Response: GET /advisor1 took 3563ms
2024-12-13 16:36:21.064 [http-nio-8078-exec-2] INFO  com.shuangqi.aiagent7.config.WebLogInterceptor - Request: GET /favicon.ico
2024-12-13 16:37:13.355 [http-nio-8078-exec-3] INFO  com.shuangqi.aiagent7.config.WebLogInterceptor - Request: GET /advisor1
2024-12-13 16:37:13.364 [http-nio-8078-exec-3] INFO  c.s.aiagent7.controller.demo.AdvisorDemoController - advisor1: 用户id-2:现在开始你叫小丽
2024-12-13 16:37:20.857 [http-nio-8078-exec-3] INFO  com.shuangqi.aiagent7.config.WebLogInterceptor - Response: GET /advisor1 took 7500ms
2024-12-13 16:37:20.911 [http-nio-8078-exec-5] INFO  com.shuangqi.aiagent7.config.WebLogInterceptor - Request: GET /favicon.ico
2024-12-13 16:37:28.127 [http-nio-8078-exec-6] INFO  com.shuangqi.aiagent7.config.WebLogInterceptor - Request: GET /advisor1
2024-12-13 16:37:28.128 [http-nio-8078-exec-6] INFO  c.s.aiagent7.controller.demo.AdvisorDemoController - advisor1: 用户id-2:你是谁
2024-12-13 16:37:34.378 [http-nio-8078-exec-6] INFO  com.shuangqi.aiagent7.config.WebLogInterceptor - Response: GET /advisor1 took 6249ms
2024-12-13 16:37:34.426 [http-nio-8078-exec-7] INFO  com.shuangqi.aiagent7.config.WebLogInterceptor - Request: GET /favicon.ico
2024-12-13 16:37:40.753 [http-nio-8078-exec-8] INFO  com.shuangqi.aiagent7.config.WebLogInterceptor - Request: GET /advisor1
2024-12-13 16:37:40.754 [http-nio-8078-exec-8] INFO  c.s.aiagent7.controller.demo.AdvisorDemoController - advisor1: 用户id-2:清除上下文
2024-12-13 16:37:47.174 [http-nio-8078-exec-8] INFO  com.shuangqi.aiagent7.config.WebLogInterceptor - Response: GET /advisor1 took 6421ms
2024-12-13 16:37:47.222 [http-nio-8078-exec-9] INFO  com.shuangqi.aiagent7.config.WebLogInterceptor - Request: GET /favicon.ico
2024-12-13 16:37:57.420 [http-nio-8078-exec-10] INFO  com.shuangqi.aiagent7.config.WebLogInterceptor - Request: GET /advisor1
2024-12-13 16:37:57.421 [http-nio-8078-exec-10] INFO  c.s.aiagent7.controller.demo.AdvisorDemoController - advisor1: 用户id-2:你是谁
2024-12-13 16:38:07.062 [http-nio-8078-exec-10] INFO  com.shuangqi.aiagent7.config.WebLogInterceptor - Response: GET /advisor1 took 9641ms
2024-12-13 16:38:07.111 [http-nio-8078-exec-1] INFO  com.shuangqi.aiagent7.config.WebLogInterceptor - Request: GET /favicon.ico
2024-12-13 16:43:22.571 [SpringApplicationShutdownHook] INFO  o.s.boot.web.embedded.tomcat.GracefulShutdown - Commencing graceful shutdown. Waiting for active requests to complete
2024-12-13 16:43:22.582 [tomcat-shutdown] INFO  o.s.boot.web.embedded.tomcat.GracefulShutdown - Graceful shutdown complete
2024-12-13 16:43:26.440 [main] INFO  com.shuangqi.aiagent7.Aiagent7Application - Starting Aiagent7Application using Java 17.0.2 with PID 13770 (/Users/lishuangqi/myWork/aiagent7/target/classes started by lishuangqi in /Users/lishuangqi/myWork/aiagent7)
2024-12-13 16:43:26.444 [main] INFO  com.shuangqi.aiagent7.Aiagent7Application - No active profile set, falling back to 1 default profile: "default"
2024-12-13 16:43:27.467 [main] INFO  o.s.boot.web.embedded.tomcat.TomcatWebServer - Tomcat initialized with port 8078 (http)
2024-12-13 16:43:27.478 [main] INFO  org.apache.coyote.http11.Http11NioProtocol - Initializing ProtocolHandler ["http-nio-8078"]
2024-12-13 16:43:27.480 [main] INFO  org.apache.catalina.core.StandardService - Starting service [Tomcat]
2024-12-13 16:43:27.480 [main] INFO  org.apache.catalina.core.StandardEngine - Starting Servlet engine: [Apache Tomcat/10.1.34]
2024-12-13 16:43:27.526 [main] INFO  o.a.c.core.ContainerBase.[Tomcat].[localhost].[/] - Initializing Spring embedded WebApplicationContext
2024-12-13 16:43:27.527 [main] INFO  o.s.b.w.s.c.ServletWebServerApplicationContext - Root WebApplicationContext: initialization completed in 1040 ms
2024-12-13 16:43:27.992 [main] INFO  o.s.b.a.web.servlet.WelcomePageHandlerMapping - Adding welcome page: class path resource [static/index.html]
2024-12-13 16:43:28.231 [main] INFO  org.apache.coyote.http11.Http11NioProtocol - Starting ProtocolHandler ["http-nio-8078"]
2024-12-13 16:43:28.239 [main] INFO  o.s.boot.web.embedded.tomcat.TomcatWebServer - Tomcat started on port 8078 (http) with context path '/'
2024-12-13 16:43:28.251 [main] INFO  com.shuangqi.aiagent7.Aiagent7Application - Started Aiagent7Application in 2.515 seconds (process running for 3.16)
2024-12-13 16:43:32.703 [http-nio-8078-exec-1] INFO  o.a.c.core.ContainerBase.[Tomcat].[localhost].[/] - Initializing Spring DispatcherServlet 'dispatcherServlet'
2024-12-13 16:43:32.704 [http-nio-8078-exec-1] INFO  org.springframework.web.servlet.DispatcherServlet - Initializing Servlet 'dispatcherServlet'
2024-12-13 16:43:32.705 [http-nio-8078-exec-1] INFO  org.springframework.web.servlet.DispatcherServlet - Completed initialization in 1 ms
2024-12-13 16:43:32.716 [http-nio-8078-exec-1] INFO  com.shuangqi.aiagent7.config.WebLogInterceptor - Request: GET /advisor1
2024-12-13 16:43:32.728 [http-nio-8078-exec-1] INFO  c.s.aiagent7.controller.demo.AdvisorDemoController - advisor1: 用户id-2:你是谁
2024-12-13 16:43:41.487 [http-nio-8078-exec-1] INFO  com.shuangqi.aiagent7.config.WebLogInterceptor - Response: GET /advisor1 took 8770ms
2024-12-13 16:43:41.575 [http-nio-8078-exec-2] INFO  com.shuangqi.aiagent7.config.WebLogInterceptor - Request: GET /favicon.ico
2024-12-13 16:43:45.113 [http-nio-8078-exec-3] INFO  com.shuangqi.aiagent7.config.WebLogInterceptor - Request: GET /advisor1
2024-12-13 16:43:45.113 [http-nio-8078-exec-3] INFO  c.s.aiagent7.controller.demo.AdvisorDemoController - advisor1: 用户id-2:现在开始你叫小丽
2024-12-13 16:43:47.157 [http-nio-8078-exec-4] INFO  com.shuangqi.aiagent7.config.WebLogInterceptor - Request: GET /advisor1
2024-12-13 16:43:47.158 [http-nio-8078-exec-4] INFO  c.s.aiagent7.controller.demo.AdvisorDemoController - advisor1: 用户id-2:现在开始你叫小丽
2024-12-13 16:43:51.672 [http-nio-8078-exec-3] INFO  com.shuangqi.aiagent7.config.WebLogInterceptor - Response: GET /advisor1 took 6559ms
2024-12-13 16:43:57.866 [http-nio-8078-exec-4] INFO  com.shuangqi.aiagent7.config.WebLogInterceptor - Response: GET /advisor1 took 10708ms
2024-12-13 16:43:57.913 [http-nio-8078-exec-5] INFO  com.shuangqi.aiagent7.config.WebLogInterceptor - Request: GET /favicon.ico
2024-12-13 16:44:02.968 [http-nio-8078-exec-6] INFO  com.shuangqi.aiagent7.config.WebLogInterceptor - Request: GET /advisor1
2024-12-13 16:44:02.968 [http-nio-8078-exec-6] INFO  c.s.aiagent7.controller.demo.AdvisorDemoController - advisor1: 用户id-2:你是谁
2024-12-13 16:44:12.883 [http-nio-8078-exec-6] INFO  com.shuangqi.aiagent7.config.WebLogInterceptor - Response: GET /advisor1 took 9915ms
2024-12-13 16:44:12.929 [http-nio-8078-exec-7] INFO  com.shuangqi.aiagent7.config.WebLogInterceptor - Request: GET /favicon.ico
2024-12-13 16:44:29.120 [http-nio-8078-exec-8] INFO  com.shuangqi.aiagent7.config.WebLogInterceptor - Request: GET /clear
2024-12-13 16:44:29.122 [http-nio-8078-exec-8] INFO  com.shuangqi.aiagent7.config.WebLogInterceptor - Response: GET /clear took 1ms
2024-12-13 16:44:29.186 [http-nio-8078-exec-9] INFO  com.shuangqi.aiagent7.config.WebLogInterceptor - Request: GET /favicon.ico
2024-12-13 16:44:33.374 [http-nio-8078-exec-10] INFO  com.shuangqi.aiagent7.config.WebLogInterceptor - Request: GET /advisor1
2024-12-13 16:44:33.375 [http-nio-8078-exec-10] INFO  c.s.aiagent7.controller.demo.AdvisorDemoController - advisor1: 用户id-2:你是谁
2024-12-13 16:44:34.581 [http-nio-8078-exec-10] INFO  com.shuangqi.aiagent7.config.WebLogInterceptor - Response: GET /advisor1 took 1206ms
2024-12-13 16:44:34.621 [http-nio-8078-exec-1] INFO  com.shuangqi.aiagent7.config.WebLogInterceptor - Request: GET /favicon.ico
2024-12-13 16:44:37.580 [http-nio-8078-exec-2] INFO  com.shuangqi.aiagent7.config.WebLogInterceptor - Request: GET /advisor1
2024-12-13 16:44:37.581 [http-nio-8078-exec-2] INFO  c.s.aiagent7.controller.demo.AdvisorDemoController - advisor1: 用户id-2:你是谁
2024-12-13 16:44:38.141 [http-nio-8078-exec-2] INFO  com.shuangqi.aiagent7.config.WebLogInterceptor - Response: GET /advisor1 took 560ms
2024-12-13 16:44:38.183 [http-nio-8078-exec-3] INFO  com.shuangqi.aiagent7.config.WebLogInterceptor - Request: GET /favicon.ico
2024-12-13 16:44:42.398 [http-nio-8078-exec-4] INFO  com.shuangqi.aiagent7.config.WebLogInterceptor - Request: GET /advisor1
2024-12-13 16:44:42.399 [http-nio-8078-exec-4] INFO  c.s.aiagent7.controller.demo.AdvisorDemoController - advisor1: 用户id-2:你叫什么
2024-12-13 16:44:42.986 [http-nio-8078-exec-4] INFO  com.shuangqi.aiagent7.config.WebLogInterceptor - Response: GET /advisor1 took 587ms
2024-12-13 16:44:43.044 [http-nio-8078-exec-5] INFO  com.shuangqi.aiagent7.config.WebLogInterceptor - Request: GET /favicon.ico
2024-12-13 16:45:51.467 [SpringApplicationShutdownHook] INFO  o.s.boot.web.embedded.tomcat.GracefulShutdown - Commencing graceful shutdown. Waiting for active requests to complete
2024-12-13 16:45:51.485 [tomcat-shutdown] INFO  o.s.boot.web.embedded.tomcat.GracefulShutdown - Graceful shutdown complete
2024-12-13 16:45:54.316 [main] INFO  com.shuangqi.aiagent7.Aiagent7Application - Starting Aiagent7Application using Java 17.0.2 with PID 13938 (/Users/lishuangqi/myWork/aiagent7/target/classes started by lishuangqi in /Users/lishuangqi/myWork/aiagent7)
2024-12-13 16:45:54.318 [main] INFO  com.shuangqi.aiagent7.Aiagent7Application - No active profile set, falling back to 1 default profile: "default"
2024-12-13 16:45:55.140 [main] INFO  o.s.boot.web.embedded.tomcat.TomcatWebServer - Tomcat initialized with port 8078 (http)
2024-12-13 16:45:55.150 [main] INFO  org.apache.coyote.http11.Http11NioProtocol - Initializing ProtocolHandler ["http-nio-8078"]
2024-12-13 16:45:55.151 [main] INFO  org.apache.catalina.core.StandardService - Starting service [Tomcat]
2024-12-13 16:45:55.151 [main] INFO  org.apache.catalina.core.StandardEngine - Starting Servlet engine: [Apache Tomcat/10.1.34]
2024-12-13 16:45:55.188 [main] INFO  o.a.c.core.ContainerBase.[Tomcat].[localhost].[/] - Initializing Spring embedded WebApplicationContext
2024-12-13 16:45:55.189 [main] INFO  o.s.b.w.s.c.ServletWebServerApplicationContext - Root WebApplicationContext: initialization completed in 835 ms
2024-12-13 16:45:55.539 [main] INFO  o.s.b.a.web.servlet.WelcomePageHandlerMapping - Adding welcome page: class path resource [static/index.html]
2024-12-13 16:45:55.746 [main] INFO  org.apache.coyote.http11.Http11NioProtocol - Starting ProtocolHandler ["http-nio-8078"]
2024-12-13 16:45:55.754 [main] INFO  o.s.boot.web.embedded.tomcat.TomcatWebServer - Tomcat started on port 8078 (http) with context path '/'
2024-12-13 16:45:55.764 [main] INFO  com.shuangqi.aiagent7.Aiagent7Application - Started Aiagent7Application in 2.033 seconds (process running for 2.54)
2024-12-13 16:45:58.063 [http-nio-8078-exec-1] INFO  o.a.c.core.ContainerBase.[Tomcat].[localhost].[/] - Initializing Spring DispatcherServlet 'dispatcherServlet'
2024-12-13 16:45:58.063 [http-nio-8078-exec-1] INFO  org.springframework.web.servlet.DispatcherServlet - Initializing Servlet 'dispatcherServlet'
2024-12-13 16:45:58.064 [http-nio-8078-exec-1] INFO  org.springframework.web.servlet.DispatcherServlet - Completed initialization in 1 ms
2024-12-13 16:45:58.076 [http-nio-8078-exec-1] INFO  com.shuangqi.aiagent7.config.WebLogInterceptor - Request: GET /advisor1
2024-12-13 16:45:58.089 [http-nio-8078-exec-1] INFO  c.s.aiagent7.controller.demo.AdvisorDemoController - advisor1: 用户id-2:你叫什么
2024-12-13 16:46:03.814 [http-nio-8078-exec-1] INFO  com.shuangqi.aiagent7.config.WebLogInterceptor - Response: GET /advisor1 took 5737ms
2024-12-13 16:46:03.861 [http-nio-8078-exec-2] INFO  com.shuangqi.aiagent7.config.WebLogInterceptor - Request: GET /favicon.ico
2024-12-13 16:46:20.098 [http-nio-8078-exec-3] INFO  com.shuangqi.aiagent7.config.WebLogInterceptor - Request: GET /advisor1
2024-12-13 16:46:20.099 [http-nio-8078-exec-3] INFO  c.s.aiagent7.controller.demo.AdvisorDemoController - advisor1: 用户id-1:你叫什么
2024-12-13 16:46:22.083 [http-nio-8078-exec-3] INFO  com.shuangqi.aiagent7.config.WebLogInterceptor - Response: GET /advisor1 took 1984ms
2024-12-13 16:46:22.119 [http-nio-8078-exec-4] INFO  com.shuangqi.aiagent7.config.WebLogInterceptor - Request: GET /favicon.ico
2024-12-13 16:46:35.445 [http-nio-8078-exec-5] INFO  com.shuangqi.aiagent7.config.WebLogInterceptor - Request: GET /advisor1
2024-12-13 16:46:35.447 [http-nio-8078-exec-5] INFO  c.s.aiagent7.controller.demo.AdvisorDemoController - advisor1: 用户id-1:现在开始你叫小丽
2024-12-13 16:46:41.294 [http-nio-8078-exec-5] INFO  com.shuangqi.aiagent7.config.WebLogInterceptor - Response: GET /advisor1 took 5848ms
2024-12-13 16:46:41.353 [http-nio-8078-exec-6] INFO  com.shuangqi.aiagent7.config.WebLogInterceptor - Request: GET /favicon.ico
2024-12-13 16:46:46.852 [http-nio-8078-exec-7] INFO  com.shuangqi.aiagent7.config.WebLogInterceptor - Request: GET /advisor1
2024-12-13 16:46:46.853 [http-nio-8078-exec-7] INFO  c.s.aiagent7.controller.demo.AdvisorDemoController - advisor1: 用户id-1:你叫什么
2024-12-13 16:46:52.703 [http-nio-8078-exec-7] INFO  com.shuangqi.aiagent7.config.WebLogInterceptor - Response: GET /advisor1 took 5851ms
2024-12-13 16:46:52.755 [http-nio-8078-exec-8] INFO  com.shuangqi.aiagent7.config.WebLogInterceptor - Request: GET /favicon.ico
2024-12-13 16:46:57.852 [http-nio-8078-exec-9] INFO  com.shuangqi.aiagent7.config.WebLogInterceptor - Request: GET /clear
2024-12-13 16:46:57.854 [http-nio-8078-exec-9] INFO  com.shuangqi.aiagent7.config.WebLogInterceptor - Response: GET /clear took 2ms
2024-12-13 16:46:57.895 [http-nio-8078-exec-10] INFO  com.shuangqi.aiagent7.config.WebLogInterceptor - Request: GET /favicon.ico
2024-12-13 16:47:01.588 [http-nio-8078-exec-2] INFO  com.shuangqi.aiagent7.config.WebLogInterceptor - Request: GET /advisor1
2024-12-13 16:47:01.588 [http-nio-8078-exec-2] INFO  c.s.aiagent7.controller.demo.AdvisorDemoController - advisor1: 用户id-1:你叫什么
2024-12-13 16:47:07.297 [http-nio-8078-exec-2] INFO  com.shuangqi.aiagent7.config.WebLogInterceptor - Response: GET /advisor1 took 5709ms
2024-12-13 16:47:07.336 [http-nio-8078-exec-3] INFO  com.shuangqi.aiagent7.config.WebLogInterceptor - Request: GET /favicon.ico
2024-12-13 16:47:22.050 [http-nio-8078-exec-4] INFO  com.shuangqi.aiagent7.config.WebLogInterceptor - Request: GET /clear
2024-12-13 16:47:22.052 [http-nio-8078-exec-4] INFO  com.shuangqi.aiagent7.config.WebLogInterceptor - Response: GET /clear took 1ms
2024-12-13 16:47:22.089 [http-nio-8078-exec-5] INFO  com.shuangqi.aiagent7.config.WebLogInterceptor - Request: GET /favicon.ico
2024-12-13 16:47:30.987 [http-nio-8078-exec-6] INFO  com.shuangqi.aiagent7.config.WebLogInterceptor - Request: GET /advisor1
2024-12-13 16:47:30.988 [http-nio-8078-exec-6] INFO  c.s.aiagent7.controller.demo.AdvisorDemoController - advisor1: 用户id-1:你叫什么
2024-12-13 16:47:32.507 [http-nio-8078-exec-6] INFO  com.shuangqi.aiagent7.config.WebLogInterceptor - Response: GET /advisor1 took 1520ms
2024-12-13 16:47:32.557 [http-nio-8078-exec-7] INFO  com.shuangqi.aiagent7.config.WebLogInterceptor - Request: GET /favicon.ico
2024-12-13 16:47:46.662 [http-nio-8078-exec-8] INFO  com.shuangqi.aiagent7.config.WebLogInterceptor - Request: GET /advisor1
2024-12-13 16:47:46.662 [http-nio-8078-exec-8] INFO  c.s.aiagent7.controller.demo.AdvisorDemoController - advisor1: 用户id-1:现在开始你叫小丽
2024-12-13 16:47:48.145 [http-nio-8078-exec-8] INFO  com.shuangqi.aiagent7.config.WebLogInterceptor - Response: GET /advisor1 took 1483ms
2024-12-13 16:47:48.265 [http-nio-8078-exec-9] INFO  com.shuangqi.aiagent7.config.WebLogInterceptor - Request: GET /favicon.ico
2024-12-13 16:47:48.520 [http-nio-8078-exec-10] INFO  com.shuangqi.aiagent7.config.WebLogInterceptor - Request: GET /advisor1
2024-12-13 16:47:48.521 [http-nio-8078-exec-10] INFO  c.s.aiagent7.controller.demo.AdvisorDemoController - advisor1: 用户id-1:现在开始你叫小丽
2024-12-13 16:47:54.172 [http-nio-8078-exec-10] INFO  com.shuangqi.aiagent7.config.WebLogInterceptor - Response: GET /advisor1 took 5652ms
2024-12-13 16:47:54.282 [http-nio-8078-exec-1] INFO  com.shuangqi.aiagent7.config.WebLogInterceptor - Request: GET /favicon.ico
2024-12-13 16:47:55.584 [http-nio-8078-exec-2] INFO  com.shuangqi.aiagent7.config.WebLogInterceptor - Request: GET /advisor1
2024-12-13 16:47:55.584 [http-nio-8078-exec-2] INFO  c.s.aiagent7.controller.demo.AdvisorDemoController - advisor1: 用户id-1:你叫什么
2024-12-13 16:47:57.139 [http-nio-8078-exec-2] INFO  com.shuangqi.aiagent7.config.WebLogInterceptor - Response: GET /advisor1 took 1555ms
2024-12-13 16:47:57.183 [http-nio-8078-exec-3] INFO  com.shuangqi.aiagent7.config.WebLogInterceptor - Request: GET /favicon.ico
2024-12-13 16:48:06.784 [http-nio-8078-exec-5] INFO  com.shuangqi.aiagent7.config.WebLogInterceptor - Request: GET /advisor1
2024-12-13 16:48:06.791 [http-nio-8078-exec-5] INFO  c.s.aiagent7.controller.demo.AdvisorDemoController - advisor1: 用户id-1:你叫什么
2024-12-13 16:48:08.614 [http-nio-8078-exec-5] INFO  com.shuangqi.aiagent7.config.WebLogInterceptor - Response: GET /advisor1 took 1829ms
2024-12-13 16:48:08.690 [http-nio-8078-exec-6] INFO  com.shuangqi.aiagent7.config.WebLogInterceptor - Request: GET /favicon.ico
2024-12-13 16:48:19.014 [http-nio-8078-exec-7] INFO  com.shuangqi.aiagent7.config.WebLogInterceptor - Request: GET /clear
2024-12-13 16:48:19.015 [http-nio-8078-exec-7] INFO  com.shuangqi.aiagent7.config.WebLogInterceptor - Response: GET /clear took 1ms
2024-12-13 16:48:19.053 [http-nio-8078-exec-8] INFO  com.shuangqi.aiagent7.config.WebLogInterceptor - Request: GET /favicon.ico
2024-12-13 16:48:21.186 [http-nio-8078-exec-9] INFO  com.shuangqi.aiagent7.config.WebLogInterceptor - Request: GET /clear
2024-12-13 16:48:21.188 [http-nio-8078-exec-9] INFO  com.shuangqi.aiagent7.config.WebLogInterceptor - Response: GET /clear took 1ms
2024-12-13 16:48:21.226 [http-nio-8078-exec-10] INFO  com.shuangqi.aiagent7.config.WebLogInterceptor - Request: GET /favicon.ico
2024-12-13 16:48:23.321 [http-nio-8078-exec-1] INFO  com.shuangqi.aiagent7.config.WebLogInterceptor - Request: GET /advisor1
2024-12-13 16:48:23.322 [http-nio-8078-exec-1] INFO  c.s.aiagent7.controller.demo.AdvisorDemoController - advisor1: 用户id-1:你叫什么
2024-12-13 16:48:24.847 [http-nio-8078-exec-1] INFO  com.shuangqi.aiagent7.config.WebLogInterceptor - Response: GET /advisor1 took 1525ms
2024-12-13 16:48:24.924 [http-nio-8078-exec-2] INFO  com.shuangqi.aiagent7.config.WebLogInterceptor - Request: GET /favicon.ico
2024-12-13 17:04:11.299 [SpringApplicationShutdownHook] INFO  o.s.boot.web.embedded.tomcat.GracefulShutdown - Commencing graceful shutdown. Waiting for active requests to complete
2024-12-13 17:04:11.316 [tomcat-shutdown] INFO  o.s.boot.web.embedded.tomcat.GracefulShutdown - Graceful shutdown complete
2024-12-13 17:04:15.783 [main] INFO  com.shuangqi.aiagent7.Aiagent7Application - Starting Aiagent7Application using Java 17.0.2 with PID 15115 (/Users/lishuangqi/myWork/aiagent7/target/classes started by lishuangqi in /Users/lishuangqi/myWork/aiagent7)
2024-12-13 17:04:15.786 [main] INFO  com.shuangqi.aiagent7.Aiagent7Application - No active profile set, falling back to 1 default profile: "default"
2024-12-13 17:04:16.715 [main] INFO  o.s.boot.web.embedded.tomcat.TomcatWebServer - Tomcat initialized with port 8078 (http)
2024-12-13 17:04:16.726 [main] INFO  org.apache.coyote.http11.Http11NioProtocol - Initializing ProtocolHandler ["http-nio-8078"]
2024-12-13 17:04:16.727 [main] INFO  org.apache.catalina.core.StandardService - Starting service [Tomcat]
2024-12-13 17:04:16.727 [main] INFO  org.apache.catalina.core.StandardEngine - Starting Servlet engine: [Apache Tomcat/10.1.34]
2024-12-13 17:04:16.766 [main] INFO  o.a.c.core.ContainerBase.[Tomcat].[localhost].[/] - Initializing Spring embedded WebApplicationContext
2024-12-13 17:04:16.767 [main] INFO  o.s.b.w.s.c.ServletWebServerApplicationContext - Root WebApplicationContext: initialization completed in 938 ms
2024-12-13 17:04:17.117 [main] INFO  o.s.b.a.web.servlet.WelcomePageHandlerMapping - Adding welcome page: class path resource [static/index.html]
2024-12-13 17:04:17.169 [main] INFO  org.apache.catalina.core.StandardService - Stopping service [Tomcat]
2024-12-13 17:04:17.181 [main] INFO  o.s.b.a.logging.ConditionEvaluationReportLogger - 

Error starting ApplicationContext. To display the condition evaluation report re-run your application with 'debug' enabled.
2024-12-13 17:04:33.702 [main] INFO  com.shuangqi.aiagent7.Aiagent7Application - Starting Aiagent7Application using Java 17.0.2 with PID 15138 (/Users/lishuangqi/myWork/aiagent7/target/classes started by lishuangqi in /Users/lishuangqi/myWork/aiagent7)
2024-12-13 17:04:33.704 [main] INFO  com.shuangqi.aiagent7.Aiagent7Application - No active profile set, falling back to 1 default profile: "default"
2024-12-13 17:04:34.406 [main] INFO  o.s.boot.web.embedded.tomcat.TomcatWebServer - Tomcat initialized with port 8078 (http)
2024-12-13 17:04:34.415 [main] INFO  org.apache.coyote.http11.Http11NioProtocol - Initializing ProtocolHandler ["http-nio-8078"]
2024-12-13 17:04:34.416 [main] INFO  org.apache.catalina.core.StandardService - Starting service [Tomcat]
2024-12-13 17:04:34.416 [main] INFO  org.apache.catalina.core.StandardEngine - Starting Servlet engine: [Apache Tomcat/10.1.34]
2024-12-13 17:04:34.452 [main] INFO  o.a.c.core.ContainerBase.[Tomcat].[localhost].[/] - Initializing Spring embedded WebApplicationContext
2024-12-13 17:04:34.453 [main] INFO  o.s.b.w.s.c.ServletWebServerApplicationContext - Root WebApplicationContext: initialization completed in 722 ms
2024-12-13 17:04:34.766 [main] INFO  o.s.b.a.web.servlet.WelcomePageHandlerMapping - Adding welcome page: class path resource [static/index.html]
2024-12-13 17:04:34.805 [main] INFO  org.apache.catalina.core.StandardService - Stopping service [Tomcat]
2024-12-13 17:04:34.815 [main] INFO  o.s.b.a.logging.ConditionEvaluationReportLogger - 

Error starting ApplicationContext. To display the condition evaluation report re-run your application with 'debug' enabled.
2024-12-13 17:07:13.903 [main] INFO  com.shuangqi.aiagent7.Aiagent7Application - Starting Aiagent7Application using Java 17.0.2 with PID 15313 (/Users/lishuangqi/myWork/aiagent7/target/classes started by lishuangqi in /Users/lishuangqi/myWork/aiagent7)
2024-12-13 17:07:13.905 [main] INFO  com.shuangqi.aiagent7.Aiagent7Application - No active profile set, falling back to 1 default profile: "default"
2024-12-13 17:07:14.607 [main] INFO  o.s.boot.web.embedded.tomcat.TomcatWebServer - Tomcat initialized with port 8078 (http)
2024-12-13 17:07:14.621 [main] INFO  org.apache.coyote.http11.Http11NioProtocol - Initializing ProtocolHandler ["http-nio-8078"]
2024-12-13 17:07:14.622 [main] INFO  org.apache.catalina.core.StandardService - Starting service [Tomcat]
2024-12-13 17:07:14.622 [main] INFO  org.apache.catalina.core.StandardEngine - Starting Servlet engine: [Apache Tomcat/10.1.34]
2024-12-13 17:07:14.657 [main] INFO  o.a.c.core.ContainerBase.[Tomcat].[localhost].[/] - Initializing Spring embedded WebApplicationContext
2024-12-13 17:07:14.657 [main] INFO  o.s.b.w.s.c.ServletWebServerApplicationContext - Root WebApplicationContext: initialization completed in 725 ms
2024-12-13 17:07:14.985 [main] INFO  o.s.b.a.web.servlet.WelcomePageHandlerMapping - Adding welcome page: class path resource [static/index.html]
2024-12-13 17:07:15.029 [main] INFO  org.apache.catalina.core.StandardService - Stopping service [Tomcat]
2024-12-13 17:07:15.040 [main] INFO  o.s.b.a.logging.ConditionEvaluationReportLogger - 

Error starting ApplicationContext. To display the condition evaluation report re-run your application with 'debug' enabled.
2024-12-13 17:07:36.288 [main] INFO  com.shuangqi.aiagent7.Aiagent7Application - Starting Aiagent7Application using Java 17.0.2 with PID 15339 (/Users/lishuangqi/myWork/aiagent7/target/classes started by lishuangqi in /Users/lishuangqi/myWork/aiagent7)
2024-12-13 17:07:36.292 [main] INFO  com.shuangqi.aiagent7.Aiagent7Application - No active profile set, falling back to 1 default profile: "default"
2024-12-13 17:07:37.188 [main] INFO  o.s.boot.web.embedded.tomcat.TomcatWebServer - Tomcat initialized with port 8078 (http)
2024-12-13 17:07:37.198 [main] INFO  org.apache.coyote.http11.Http11NioProtocol - Initializing ProtocolHandler ["http-nio-8078"]
2024-12-13 17:07:37.199 [main] INFO  org.apache.catalina.core.StandardService - Starting service [Tomcat]
2024-12-13 17:07:37.199 [main] INFO  org.apache.catalina.core.StandardEngine - Starting Servlet engine: [Apache Tomcat/10.1.34]
2024-12-13 17:07:37.237 [main] INFO  o.a.c.core.ContainerBase.[Tomcat].[localhost].[/] - Initializing Spring embedded WebApplicationContext
2024-12-13 17:07:37.238 [main] INFO  o.s.b.w.s.c.ServletWebServerApplicationContext - Root WebApplicationContext: initialization completed in 894 ms
2024-12-13 17:07:37.589 [main] INFO  o.s.b.a.web.servlet.WelcomePageHandlerMapping - Adding welcome page: class path resource [static/index.html]
2024-12-13 17:07:37.642 [main] INFO  org.apache.catalina.core.StandardService - Stopping service [Tomcat]
2024-12-13 17:07:37.654 [main] INFO  o.s.b.a.logging.ConditionEvaluationReportLogger - 

Error starting ApplicationContext. To display the condition evaluation report re-run your application with 'debug' enabled.
2024-12-13 17:08:40.779 [main] INFO  com.shuangqi.aiagent7.Aiagent7Application - Starting Aiagent7Application using Java 17.0.2 with PID 15399 (/Users/lishuangqi/myWork/aiagent7/target/classes started by lishuangqi in /Users/lishuangqi/myWork/aiagent7)
2024-12-13 17:08:40.782 [main] INFO  com.shuangqi.aiagent7.Aiagent7Application - No active profile set, falling back to 1 default profile: "default"
2024-12-13 17:08:41.737 [main] INFO  o.s.boot.web.embedded.tomcat.TomcatWebServer - Tomcat initialized with port 8078 (http)
2024-12-13 17:08:41.749 [main] INFO  org.apache.coyote.http11.Http11NioProtocol - Initializing ProtocolHandler ["http-nio-8078"]
2024-12-13 17:08:41.750 [main] INFO  org.apache.catalina.core.StandardService - Starting service [Tomcat]
2024-12-13 17:08:41.750 [main] INFO  org.apache.catalina.core.StandardEngine - Starting Servlet engine: [Apache Tomcat/10.1.34]
2024-12-13 17:08:41.794 [main] INFO  o.a.c.core.ContainerBase.[Tomcat].[localhost].[/] - Initializing Spring embedded WebApplicationContext
2024-12-13 17:08:41.794 [main] INFO  o.s.b.w.s.c.ServletWebServerApplicationContext - Root WebApplicationContext: initialization completed in 967 ms
2024-12-13 17:08:42.153 [main] INFO  o.s.b.a.web.servlet.WelcomePageHandlerMapping - Adding welcome page: class path resource [static/index.html]
2024-12-13 17:08:42.366 [main] INFO  org.apache.coyote.http11.Http11NioProtocol - Starting ProtocolHandler ["http-nio-8078"]
2024-12-13 17:08:42.374 [main] INFO  o.s.boot.web.embedded.tomcat.TomcatWebServer - Tomcat started on port 8078 (http) with context path '/'
2024-12-13 17:08:42.384 [main] INFO  com.shuangqi.aiagent7.Aiagent7Application - Started Aiagent7Application in 2.33 seconds (process running for 2.81)
2024-12-13 17:08:46.140 [http-nio-8078-exec-1] INFO  o.a.c.core.ContainerBase.[Tomcat].[localhost].[/] - Initializing Spring DispatcherServlet 'dispatcherServlet'
2024-12-13 17:08:46.141 [http-nio-8078-exec-1] INFO  org.springframework.web.servlet.DispatcherServlet - Initializing Servlet 'dispatcherServlet'
2024-12-13 17:08:46.142 [http-nio-8078-exec-1] INFO  org.springframework.web.servlet.DispatcherServlet - Completed initialization in 1 ms
2024-12-13 17:08:46.152 [http-nio-8078-exec-1] INFO  com.shuangqi.aiagent7.config.WebLogInterceptor - Request: GET /advisor1
2024-12-13 17:09:12.546 [http-nio-8078-exec-2] INFO  com.shuangqi.aiagent7.config.WebLogInterceptor - Request: GET /chatMemory/chatStream
2024-12-13 17:09:12.574 [http-nio-8078-exec-2] INFO  c.s.aiagent7.controller.ChatMemoryController - advisor-chatStream: 用户id-2:你是谁
2024-12-13 17:09:20.092 [http-nio-8078-exec-3] INFO  com.shuangqi.aiagent7.config.WebLogInterceptor - Request: GET /chatMemory/chatStream
2024-12-13 17:09:20.096 [http-nio-8078-exec-3] INFO  com.shuangqi.aiagent7.config.WebLogInterceptor - Response: GET /chatMemory/chatStream took 4ms
2024-12-13 17:09:20.115 [http-nio-8078-exec-4] INFO  com.shuangqi.aiagent7.config.WebLogInterceptor - Request: GET /favicon.ico
2024-12-13 17:44:58.820 [SpringApplicationShutdownHook] INFO  o.s.boot.web.embedded.tomcat.GracefulShutdown - Commencing graceful shutdown. Waiting for active requests to complete
2024-12-13 17:44:58.832 [tomcat-shutdown] INFO  o.s.boot.web.embedded.tomcat.GracefulShutdown - Graceful shutdown complete
2024-12-13 17:51:54.815 [main] INFO  com.shuangqi.aiagent7.Aiagent7Application - Starting Aiagent7Application using Java 17.0.2 with PID 18206 (/Users/lishuangqi/myWork/aiagent7/target/classes started by lishuangqi in /Users/lishuangqi/myWork/aiagent7)
2024-12-13 17:51:54.817 [main] INFO  com.shuangqi.aiagent7.Aiagent7Application - No active profile set, falling back to 1 default profile: "default"
2024-12-13 17:51:55.261 [main] INFO  o.s.boot.web.embedded.tomcat.TomcatWebServer - Tomcat initialized with port 8078 (http)
2024-12-13 17:51:55.267 [main] INFO  org.apache.coyote.http11.Http11NioProtocol - Initializing ProtocolHandler ["http-nio-8078"]
2024-12-13 17:51:55.268 [main] INFO  org.apache.catalina.core.StandardService - Starting service [Tomcat]
2024-12-13 17:51:55.268 [main] INFO  org.apache.catalina.core.StandardEngine - Starting Servlet engine: [Apache Tomcat/10.1.34]
2024-12-13 17:51:55.292 [main] INFO  o.a.c.core.ContainerBase.[Tomcat].[localhost].[/] - Initializing Spring embedded WebApplicationContext
2024-12-13 17:51:55.295 [main] INFO  o.s.b.w.s.c.ServletWebServerApplicationContext - Root WebApplicationContext: initialization completed in 458 ms
2024-12-13 17:51:55.533 [main] INFO  o.s.b.a.web.servlet.WelcomePageHandlerMapping - Adding welcome page: class path resource [static/index.html]
2024-12-13 17:51:55.664 [main] INFO  org.apache.coyote.http11.Http11NioProtocol - Starting ProtocolHandler ["http-nio-8078"]
2024-12-13 17:51:55.670 [main] INFO  o.s.boot.web.embedded.tomcat.TomcatWebServer - Tomcat started on port 8078 (http) with context path '/'
2024-12-13 17:51:55.677 [main] INFO  com.shuangqi.aiagent7.Aiagent7Application - Started Aiagent7Application in 1.123 seconds (process running for 1.436)
2024-12-13 17:56:20.762 [SpringApplicationShutdownHook] INFO  o.s.boot.web.embedded.tomcat.GracefulShutdown - Commencing graceful shutdown. Waiting for active requests to complete
2024-12-13 17:56:20.784 [tomcat-shutdown] INFO  o.s.boot.web.embedded.tomcat.GracefulShutdown - Graceful shutdown complete
2024-12-13 17:56:22.795 [main] INFO  com.shuangqi.aiagent7.Aiagent7Application - Starting Aiagent7Application using Java 17.0.2 with PID 18477 (/Users/lishuangqi/myWork/aiagent7/target/classes started by lishuangqi in /Users/lishuangqi/myWork/aiagent7)
2024-12-13 17:56:22.796 [main] INFO  com.shuangqi.aiagent7.Aiagent7Application - No active profile set, falling back to 1 default profile: "default"
2024-12-13 17:56:23.229 [main] INFO  o.s.boot.web.embedded.tomcat.TomcatWebServer - Tomcat initialized with port 8078 (http)
2024-12-13 17:56:23.235 [main] INFO  org.apache.coyote.http11.Http11NioProtocol - Initializing ProtocolHandler ["http-nio-8078"]
2024-12-13 17:56:23.236 [main] INFO  org.apache.catalina.core.StandardService - Starting service [Tomcat]
2024-12-13 17:56:23.236 [main] INFO  org.apache.catalina.core.StandardEngine - Starting Servlet engine: [Apache Tomcat/10.1.34]
2024-12-13 17:56:23.258 [main] INFO  o.a.c.core.ContainerBase.[Tomcat].[localhost].[/] - Initializing Spring embedded WebApplicationContext
2024-12-13 17:56:23.259 [main] INFO  o.s.b.w.s.c.ServletWebServerApplicationContext - Root WebApplicationContext: initialization completed in 446 ms
2024-12-13 17:56:23.478 [main] INFO  o.s.b.a.web.servlet.WelcomePageHandlerMapping - Adding welcome page: class path resource [static/index.html]
2024-12-13 17:56:23.607 [main] INFO  org.apache.coyote.http11.Http11NioProtocol - Starting ProtocolHandler ["http-nio-8078"]
2024-12-13 17:56:23.612 [main] INFO  o.s.boot.web.embedded.tomcat.TomcatWebServer - Tomcat started on port 8078 (http) with context path '/'
2024-12-13 17:56:23.618 [main] INFO  com.shuangqi.aiagent7.Aiagent7Application - Started Aiagent7Application in 1.055 seconds (process running for 1.318)
2024-12-13 17:58:24.208 [SpringApplicationShutdownHook] INFO  o.s.boot.web.embedded.tomcat.GracefulShutdown - Commencing graceful shutdown. Waiting for active requests to complete
2024-12-13 17:58:24.230 [tomcat-shutdown] INFO  o.s.boot.web.embedded.tomcat.GracefulShutdown - Graceful shutdown complete
2024-12-13 17:58:25.533 [main] INFO  com.shuangqi.aiagent7.Aiagent7Application - Starting Aiagent7Application using Java 17.0.2 with PID 18577 (/Users/lishuangqi/myWork/aiagent7/target/classes started by lishuangqi in /Users/lishuangqi/myWork/aiagent7)
2024-12-13 17:58:25.534 [main] INFO  com.shuangqi.aiagent7.Aiagent7Application - No active profile set, falling back to 1 default profile: "default"
2024-12-13 17:58:25.941 [main] INFO  o.s.boot.web.embedded.tomcat.TomcatWebServer - Tomcat initialized with port 8078 (http)
2024-12-13 17:58:25.946 [main] INFO  org.apache.coyote.http11.Http11NioProtocol - Initializing ProtocolHandler ["http-nio-8078"]
2024-12-13 17:58:25.947 [main] INFO  org.apache.catalina.core.StandardService - Starting service [Tomcat]
2024-12-13 17:58:25.947 [main] INFO  org.apache.catalina.core.StandardEngine - Starting Servlet engine: [Apache Tomcat/10.1.34]
2024-12-13 17:58:25.971 [main] INFO  o.a.c.core.ContainerBase.[Tomcat].[localhost].[/] - Initializing Spring embedded WebApplicationContext
2024-12-13 17:58:25.971 [main] INFO  o.s.b.w.s.c.ServletWebServerApplicationContext - Root WebApplicationContext: initialization completed in 421 ms
2024-12-13 17:58:26.178 [main] INFO  o.s.b.a.web.servlet.WelcomePageHandlerMapping - Adding welcome page: class path resource [static/index.html]
2024-12-13 17:58:26.305 [main] INFO  org.apache.coyote.http11.Http11NioProtocol - Starting ProtocolHandler ["http-nio-8078"]
2024-12-13 17:58:26.310 [main] INFO  o.s.boot.web.embedded.tomcat.TomcatWebServer - Tomcat started on port 8078 (http) with context path '/'
2024-12-13 17:58:26.317 [main] INFO  com.shuangqi.aiagent7.Aiagent7Application - Started Aiagent7Application in 1.011 seconds (process running for 1.31)
2024-12-13 17:59:17.349 [http-nio-8078-exec-1] INFO  o.a.c.core.ContainerBase.[Tomcat].[localhost].[/] - Initializing Spring DispatcherServlet 'dispatcherServlet'
2024-12-13 17:59:17.349 [http-nio-8078-exec-1] INFO  org.springframework.web.servlet.DispatcherServlet - Initializing Servlet 'dispatcherServlet'
2024-12-13 17:59:17.350 [http-nio-8078-exec-1] INFO  org.springframework.web.servlet.DispatcherServlet - Completed initialization in 1 ms
2024-12-13 17:59:17.360 [http-nio-8078-exec-1] INFO  com.shuangqi.aiagent7.config.WebLogInterceptor - Request: GET /chatMemory/chat
2024-12-13 17:59:25.292 [http-nio-8078-exec-1] INFO  com.shuangqi.aiagent7.config.WebLogInterceptor - Response: GET /chatMemory/chat took 7931ms
2024-12-13 17:59:49.369 [http-nio-8078-exec-3] INFO  com.shuangqi.aiagent7.config.WebLogInterceptor - Request: GET /chatMemory/stream
2024-12-13 17:59:53.287 [http-nio-8078-exec-4] INFO  com.shuangqi.aiagent7.config.WebLogInterceptor - Request: GET /chatMemory/stream
2024-12-13 17:59:53.291 [http-nio-8078-exec-4] INFO  com.shuangqi.aiagent7.config.WebLogInterceptor - Response: GET /chatMemory/stream took 4ms
2024-12-13 18:00:12.039 [http-nio-8078-exec-5] INFO  com.shuangqi.aiagent7.config.WebLogInterceptor - Request: GET /chatMemory/stream
2024-12-13 18:00:15.499 [http-nio-8078-exec-6] INFO  com.shuangqi.aiagent7.config.WebLogInterceptor - Request: GET /chatMemory/stream
2024-12-13 18:00:15.500 [http-nio-8078-exec-6] INFO  com.shuangqi.aiagent7.config.WebLogInterceptor - Response: GET /chatMemory/stream took 1ms
2024-12-13 18:00:15.523 [http-nio-8078-exec-7] INFO  com.shuangqi.aiagent7.config.WebLogInterceptor - Request: GET /favicon.ico
2024-12-13 18:00:32.286 [http-nio-8078-exec-8] INFO  com.shuangqi.aiagent7.config.WebLogInterceptor - Request: GET /chat/string
2024-12-13 18:00:38.582 [http-nio-8078-exec-8] INFO  com.shuangqi.aiagent7.config.WebLogInterceptor - Response: GET /chat/string took 6296ms
2024-12-13 18:01:21.947 [http-nio-8078-exec-2] INFO  com.shuangqi.aiagent7.config.WebLogInterceptor - Request: GET /chat/string
2024-12-13 18:01:23.176 [http-nio-8078-exec-2] INFO  com.shuangqi.aiagent7.config.WebLogInterceptor - Response: GET /chat/string took 1229ms
2024-12-13 18:02:13.798 [SpringApplicationShutdownHook] INFO  o.s.boot.web.embedded.tomcat.GracefulShutdown - Commencing graceful shutdown. Waiting for active requests to complete
2024-12-13 18:02:13.802 [tomcat-shutdown] INFO  o.s.boot.web.embedded.tomcat.GracefulShutdown - Graceful shutdown complete
2024-12-13 18:02:15.703 [main] INFO  com.shuangqi.aiagent7.Aiagent7Application - Starting Aiagent7Application using Java 17.0.2 with PID 18847 (/Users/lishuangqi/myWork/aiagent7/target/classes started by lishuangqi in /Users/lishuangqi/myWork/aiagent7)
2024-12-13 18:02:15.704 [main] INFO  com.shuangqi.aiagent7.Aiagent7Application - No active profile set, falling back to 1 default profile: "default"
2024-12-13 18:02:16.108 [main] INFO  o.s.boot.web.embedded.tomcat.TomcatWebServer - Tomcat initialized with port 8078 (http)
2024-12-13 18:02:16.113 [main] INFO  org.apache.coyote.http11.Http11NioProtocol - Initializing ProtocolHandler ["http-nio-8078"]
2024-12-13 18:02:16.114 [main] INFO  org.apache.catalina.core.StandardService - Starting service [Tomcat]
2024-12-13 18:02:16.114 [main] INFO  org.apache.catalina.core.StandardEngine - Starting Servlet engine: [Apache Tomcat/10.1.34]
2024-12-13 18:02:16.138 [main] INFO  o.a.c.core.ContainerBase.[Tomcat].[localhost].[/] - Initializing Spring embedded WebApplicationContext
2024-12-13 18:02:16.138 [main] INFO  o.s.b.w.s.c.ServletWebServerApplicationContext - Root WebApplicationContext: initialization completed in 417 ms
2024-12-13 18:02:16.344 [main] INFO  o.s.b.a.web.servlet.WelcomePageHandlerMapping - Adding welcome page: class path resource [static/index.html]
2024-12-13 18:02:16.475 [main] INFO  org.apache.coyote.http11.Http11NioProtocol - Starting ProtocolHandler ["http-nio-8078"]
2024-12-13 18:02:16.480 [main] INFO  o.s.boot.web.embedded.tomcat.TomcatWebServer - Tomcat started on port 8078 (http) with context path '/'
2024-12-13 18:02:16.485 [main] INFO  com.shuangqi.aiagent7.Aiagent7Application - Started Aiagent7Application in 1.013 seconds (process running for 1.277)
2024-12-13 18:02:19.773 [http-nio-8078-exec-2] INFO  o.a.c.core.ContainerBase.[Tomcat].[localhost].[/] - Initializing Spring DispatcherServlet 'dispatcherServlet'
2024-12-13 18:02:19.773 [http-nio-8078-exec-2] INFO  org.springframework.web.servlet.DispatcherServlet - Initializing Servlet 'dispatcherServlet'
2024-12-13 18:02:19.773 [http-nio-8078-exec-2] INFO  org.springframework.web.servlet.DispatcherServlet - Completed initialization in 0 ms
2024-12-13 18:02:19.782 [http-nio-8078-exec-2] INFO  com.shuangqi.aiagent7.config.WebLogInterceptor - Request: GET /chat/string
2024-12-13 18:02:21.082 [http-nio-8078-exec-2] INFO  com.shuangqi.aiagent7.config.WebLogInterceptor - Response: GET /chat/string took 1299ms
2024-12-13 18:02:50.436 [http-nio-8078-exec-3] INFO  com.shuangqi.aiagent7.config.WebLogInterceptor - Request: GET /chat/chatWithPrompt/ChatResponse
2024-12-13 18:02:53.080 [http-nio-8078-exec-3] INFO  com.shuangqi.aiagent7.config.WebLogInterceptor - Response: GET /chat/chatWithPrompt/ChatResponse took 2644ms
2024-12-13 18:03:29.710 [http-nio-8078-exec-4] INFO  com.shuangqi.aiagent7.config.WebLogInterceptor - Request: GET /chat/chatWithPromptArray/ActorFilms
2024-12-13 18:03:31.602 [http-nio-8078-exec-4] INFO  com.shuangqi.aiagent7.config.WebLogInterceptor - Response: GET /chat/chatWithPromptArray/ActorFilms took 1892ms
2024-12-13 18:03:48.975 [SpringApplicationShutdownHook] INFO  o.s.boot.web.embedded.tomcat.GracefulShutdown - Commencing graceful shutdown. Waiting for active requests to complete
2024-12-13 18:03:48.983 [tomcat-shutdown] INFO  o.s.boot.web.embedded.tomcat.GracefulShutdown - Graceful shutdown complete
