2024-12-19 10:27:55.199 [main] INFO  com.shuangqi.aiagent7.Aiagent7Application - Starting Aiagent7Application using Java 17.0.2 with PID 23208 (/Users/lishuangqi/myWork/aiagent7/target/classes started by lishuangqi in /Users/lishuangqi/myWork/aiagent7)
2024-12-19 10:27:55.205 [main] INFO  com.shuangqi.aiagent7.Aiagent7Application - No active profile set, falling back to 1 default profile: "default"
2024-12-19 10:27:55.825 [main] INFO  o.s.boot.web.embedded.tomcat.TomcatWebServer - Tomcat initialized with port 8079 (http)
2024-12-19 10:27:55.833 [main] INFO  org.apache.coyote.http11.Http11NioProtocol - Initializing ProtocolHandler ["http-nio-8079"]
2024-12-19 10:27:55.833 [main] INFO  org.apache.catalina.core.StandardService - Starting service [Tomcat]
2024-12-19 10:27:55.834 [main] INFO  org.apache.catalina.core.StandardEngine - Starting Servlet engine: [Apache Tomcat/10.1.34]
2024-12-19 10:27:55.866 [main] INFO  o.a.c.core.ContainerBase.[Tomcat].[localhost].[/] - Initializing Spring embedded WebApplicationContext
2024-12-19 10:27:55.866 [main] INFO  o.s.b.w.s.c.ServletWebServerApplicationContext - Root WebApplicationContext: initialization completed in 640 ms
2024-12-19 10:27:56.280 [main] INFO  org.springframework.ai.vectorstore.PgVectorStore - Using the vector table name: vector_store. Is empty: false
2024-12-19 10:27:56.282 [main] INFO  org.springframework.ai.vectorstore.PgVectorStore - Initializing PGVectorStore schema for table: vector_store in schema: public
2024-12-19 10:27:56.282 [main] INFO  org.springframework.ai.vectorstore.PgVectorStore - vectorTableValidationsEnabled false
2024-12-19 10:27:56.308 [main] INFO  o.s.b.a.web.servlet.WelcomePageHandlerMapping - Adding welcome page: class path resource [static/index.html]
2024-12-19 10:27:56.428 [main] INFO  org.apache.coyote.http11.Http11NioProtocol - Starting ProtocolHandler ["http-nio-8079"]
2024-12-19 10:27:56.434 [main] INFO  o.s.boot.web.embedded.tomcat.TomcatWebServer - Tomcat started on port 8079 (http) with context path '/'
2024-12-19 10:27:56.440 [main] INFO  com.shuangqi.aiagent7.Aiagent7Application - Started Aiagent7Application in 1.508 seconds (process running for 2.189)
2024-12-19 10:28:49.339 [http-nio-8079-exec-1] INFO  o.a.c.core.ContainerBase.[Tomcat].[localhost].[/] - Initializing Spring DispatcherServlet 'dispatcherServlet'
2024-12-19 10:28:49.340 [http-nio-8079-exec-1] INFO  org.springframework.web.servlet.DispatcherServlet - Initializing Servlet 'dispatcherServlet'
2024-12-19 10:28:49.341 [http-nio-8079-exec-1] INFO  org.springframework.web.servlet.DispatcherServlet - Completed initialization in 1 ms
2024-12-19 10:28:49.360 [http-nio-8079-exec-1] INFO  com.shuangqi.aiagent7.config.WebLogInterceptor - Request: POST /rag/addVector
2024-12-19 10:29:10.429 [http-nio-8079-exec-3] INFO  com.shuangqi.aiagent7.config.WebLogInterceptor - Request: POST /rag/addRagVector
2024-12-19 10:29:41.854 [http-nio-8079-exec-4] INFO  com.shuangqi.aiagent7.config.WebLogInterceptor - Request: POST /rag/addRagVector
2024-12-19 10:31:08.630 [http-nio-8079-exec-5] INFO  com.shuangqi.aiagent7.config.WebLogInterceptor - Request: POST /rag/addRagVector
2024-12-19 10:35:14.388 [SpringApplicationShutdownHook] INFO  o.s.boot.web.embedded.tomcat.GracefulShutdown - Commencing graceful shutdown. Waiting for active requests to complete
2024-12-19 10:35:14.406 [tomcat-shutdown] INFO  o.s.boot.web.embedded.tomcat.GracefulShutdown - Graceful shutdown complete
2024-12-19 10:35:16.925 [main] INFO  com.shuangqi.aiagent7.Aiagent7Application - Starting Aiagent7Application using Java 17.0.2 with PID 23701 (/Users/lishuangqi/myWork/aiagent7/target/classes started by lishuangqi in /Users/lishuangqi/myWork/aiagent7)
2024-12-19 10:35:16.926 [main] INFO  com.shuangqi.aiagent7.Aiagent7Application - No active profile set, falling back to 1 default profile: "default"
2024-12-19 10:35:17.462 [main] INFO  o.s.boot.web.embedded.tomcat.TomcatWebServer - Tomcat initialized with port 8079 (http)
2024-12-19 10:35:17.469 [main] INFO  org.apache.coyote.http11.Http11NioProtocol - Initializing ProtocolHandler ["http-nio-8079"]
2024-12-19 10:35:17.469 [main] INFO  org.apache.catalina.core.StandardService - Starting service [Tomcat]
2024-12-19 10:35:17.469 [main] INFO  org.apache.catalina.core.StandardEngine - Starting Servlet engine: [Apache Tomcat/10.1.34]
2024-12-19 10:35:17.500 [main] INFO  o.a.c.core.ContainerBase.[Tomcat].[localhost].[/] - Initializing Spring embedded WebApplicationContext
2024-12-19 10:35:17.501 [main] INFO  o.s.b.w.s.c.ServletWebServerApplicationContext - Root WebApplicationContext: initialization completed in 558 ms
2024-12-19 10:35:17.872 [main] INFO  org.springframework.ai.vectorstore.PgVectorStore - Using the vector table name: vector_store. Is empty: false
2024-12-19 10:35:17.874 [main] INFO  org.springframework.ai.vectorstore.PgVectorStore - Initializing PGVectorStore schema for table: vector_store in schema: public
2024-12-19 10:35:17.874 [main] INFO  org.springframework.ai.vectorstore.PgVectorStore - vectorTableValidationsEnabled false
2024-12-19 10:35:17.898 [main] INFO  o.s.b.a.web.servlet.WelcomePageHandlerMapping - Adding welcome page: class path resource [static/index.html]
2024-12-19 10:35:18.013 [main] INFO  org.apache.coyote.http11.Http11NioProtocol - Starting ProtocolHandler ["http-nio-8079"]
2024-12-19 10:35:18.020 [main] INFO  o.s.boot.web.embedded.tomcat.TomcatWebServer - Tomcat started on port 8079 (http) with context path '/'
2024-12-19 10:35:18.028 [main] INFO  com.shuangqi.aiagent7.Aiagent7Application - Started Aiagent7Application in 1.363 seconds (process running for 1.701)
2024-12-19 10:35:23.275 [http-nio-8079-exec-2] INFO  o.a.c.core.ContainerBase.[Tomcat].[localhost].[/] - Initializing Spring DispatcherServlet 'dispatcherServlet'
2024-12-19 10:35:23.276 [http-nio-8079-exec-2] INFO  org.springframework.web.servlet.DispatcherServlet - Initializing Servlet 'dispatcherServlet'
2024-12-19 10:35:23.276 [http-nio-8079-exec-2] INFO  org.springframework.web.servlet.DispatcherServlet - Completed initialization in 0 ms
2024-12-19 10:35:23.293 [http-nio-8079-exec-2] INFO  com.shuangqi.aiagent7.config.WebLogInterceptor - Request: POST /rag/addRagVector
2024-12-19 10:35:25.416 [http-nio-8079-exec-2] INFO  com.zaxxer.hikari.HikariDataSource - HikariPool-1 - Starting...
2024-12-19 10:35:25.525 [http-nio-8079-exec-2] INFO  com.zaxxer.hikari.pool.HikariPool - HikariPool-1 - Added connection org.postgresql.jdbc.PgConnection@306e77f7
2024-12-19 10:35:25.526 [http-nio-8079-exec-2] INFO  com.zaxxer.hikari.HikariDataSource - HikariPool-1 - Start completed.
2024-12-19 10:35:25.570 [http-nio-8079-exec-2] INFO  com.shuangqi.aiagent7.config.WebLogInterceptor - Response: POST /rag/addRagVector took 2277ms
2024-12-19 10:49:40.581 [SpringApplicationShutdownHook] INFO  o.s.boot.web.embedded.tomcat.GracefulShutdown - Commencing graceful shutdown. Waiting for active requests to complete
2024-12-19 10:49:40.596 [tomcat-shutdown] INFO  o.s.boot.web.embedded.tomcat.GracefulShutdown - Graceful shutdown complete
2024-12-19 10:49:40.609 [SpringApplicationShutdownHook] INFO  com.zaxxer.hikari.HikariDataSource - HikariPool-1 - Shutdown initiated...
2024-12-19 10:49:40.611 [SpringApplicationShutdownHook] INFO  com.zaxxer.hikari.HikariDataSource - HikariPool-1 - Shutdown completed.
2024-12-19 10:50:50.978 [main] INFO  com.shuangqi.aiagent7.Aiagent7Application - Starting Aiagent7Application using Java 17.0.2 with PID 24673 (/Users/lishuangqi/myWork/aiagent7/target/classes started by lishuangqi in /Users/lishuangqi/myWork/aiagent7)
2024-12-19 10:50:50.979 [main] INFO  com.shuangqi.aiagent7.Aiagent7Application - No active profile set, falling back to 1 default profile: "default"
2024-12-19 10:50:51.528 [main] INFO  o.s.boot.web.embedded.tomcat.TomcatWebServer - Tomcat initialized with port 8079 (http)
2024-12-19 10:50:51.534 [main] INFO  org.apache.coyote.http11.Http11NioProtocol - Initializing ProtocolHandler ["http-nio-8079"]
2024-12-19 10:50:51.535 [main] INFO  org.apache.catalina.core.StandardService - Starting service [Tomcat]
2024-12-19 10:50:51.535 [main] INFO  org.apache.catalina.core.StandardEngine - Starting Servlet engine: [Apache Tomcat/10.1.34]
2024-12-19 10:50:51.568 [main] INFO  o.a.c.core.ContainerBase.[Tomcat].[localhost].[/] - Initializing Spring embedded WebApplicationContext
2024-12-19 10:50:51.568 [main] INFO  o.s.b.w.s.c.ServletWebServerApplicationContext - Root WebApplicationContext: initialization completed in 572 ms
2024-12-19 10:50:51.943 [main] INFO  org.springframework.ai.vectorstore.PgVectorStore - Using the vector table name: vector_store. Is empty: false
2024-12-19 10:50:51.945 [main] INFO  org.springframework.ai.vectorstore.PgVectorStore - Initializing PGVectorStore schema for table: vector_store in schema: public
2024-12-19 10:50:51.946 [main] INFO  org.springframework.ai.vectorstore.PgVectorStore - vectorTableValidationsEnabled false
2024-12-19 10:50:51.965 [main] INFO  o.s.b.a.web.servlet.WelcomePageHandlerMapping - Adding welcome page: class path resource [static/index.html]
2024-12-19 10:50:52.078 [main] INFO  org.apache.coyote.http11.Http11NioProtocol - Starting ProtocolHandler ["http-nio-8079"]
2024-12-19 10:50:52.083 [main] INFO  o.s.boot.web.embedded.tomcat.TomcatWebServer - Tomcat started on port 8079 (http) with context path '/'
2024-12-19 10:50:52.090 [main] INFO  com.shuangqi.aiagent7.Aiagent7Application - Started Aiagent7Application in 1.36 seconds (process running for 1.644)
2024-12-19 10:50:58.716 [http-nio-8079-exec-2] INFO  o.a.c.core.ContainerBase.[Tomcat].[localhost].[/] - Initializing Spring DispatcherServlet 'dispatcherServlet'
2024-12-19 10:50:58.717 [http-nio-8079-exec-2] INFO  org.springframework.web.servlet.DispatcherServlet - Initializing Servlet 'dispatcherServlet'
2024-12-19 10:50:58.718 [http-nio-8079-exec-2] INFO  org.springframework.web.servlet.DispatcherServlet - Completed initialization in 1 ms
2024-12-19 10:50:58.736 [http-nio-8079-exec-2] INFO  com.shuangqi.aiagent7.config.WebLogInterceptor - Request: POST /rag/addRagVector
2024-12-19 10:51:00.817 [http-nio-8079-exec-2] INFO  com.zaxxer.hikari.HikariDataSource - HikariPool-1 - Starting...
2024-12-19 10:51:00.915 [http-nio-8079-exec-2] INFO  com.zaxxer.hikari.pool.HikariPool - HikariPool-1 - Added connection org.postgresql.jdbc.PgConnection@7be10643
2024-12-19 10:51:00.916 [http-nio-8079-exec-2] INFO  com.zaxxer.hikari.HikariDataSource - HikariPool-1 - Start completed.
2024-12-19 10:51:00.956 [http-nio-8079-exec-2] INFO  com.shuangqi.aiagent7.config.WebLogInterceptor - Response: POST /rag/addRagVector took 2220ms
2024-12-19 11:04:01.319 [SpringApplicationShutdownHook] INFO  o.s.boot.web.embedded.tomcat.GracefulShutdown - Commencing graceful shutdown. Waiting for active requests to complete
2024-12-19 11:04:01.332 [tomcat-shutdown] INFO  o.s.boot.web.embedded.tomcat.GracefulShutdown - Graceful shutdown complete
2024-12-19 11:04:01.344 [SpringApplicationShutdownHook] INFO  com.zaxxer.hikari.HikariDataSource - HikariPool-1 - Shutdown initiated...
2024-12-19 11:04:01.365 [SpringApplicationShutdownHook] INFO  com.zaxxer.hikari.HikariDataSource - HikariPool-1 - Shutdown completed.
2024-12-19 11:04:03.882 [main] INFO  com.shuangqi.aiagent7.Aiagent7Application - Starting Aiagent7Application using Java 17.0.2 with PID 25422 (/Users/lishuangqi/myWork/aiagent7/target/classes started by lishuangqi in /Users/lishuangqi/myWork/aiagent7)
2024-12-19 11:04:03.883 [main] INFO  com.shuangqi.aiagent7.Aiagent7Application - No active profile set, falling back to 1 default profile: "default"
2024-12-19 11:04:04.431 [main] INFO  o.s.boot.web.embedded.tomcat.TomcatWebServer - Tomcat initialized with port 8079 (http)
2024-12-19 11:04:04.438 [main] INFO  org.apache.coyote.http11.Http11NioProtocol - Initializing ProtocolHandler ["http-nio-8079"]
2024-12-19 11:04:04.439 [main] INFO  org.apache.catalina.core.StandardService - Starting service [Tomcat]
2024-12-19 11:04:04.439 [main] INFO  org.apache.catalina.core.StandardEngine - Starting Servlet engine: [Apache Tomcat/10.1.34]
2024-12-19 11:04:04.471 [main] INFO  o.a.c.core.ContainerBase.[Tomcat].[localhost].[/] - Initializing Spring embedded WebApplicationContext
2024-12-19 11:04:04.471 [main] INFO  o.s.b.w.s.c.ServletWebServerApplicationContext - Root WebApplicationContext: initialization completed in 570 ms
2024-12-19 11:04:04.846 [main] INFO  org.springframework.ai.vectorstore.PgVectorStore - Using the vector table name: vector_store. Is empty: false
2024-12-19 11:04:04.848 [main] INFO  org.springframework.ai.vectorstore.PgVectorStore - Initializing PGVectorStore schema for table: vector_store in schema: public
2024-12-19 11:04:04.848 [main] INFO  org.springframework.ai.vectorstore.PgVectorStore - vectorTableValidationsEnabled false
2024-12-19 11:04:04.875 [main] INFO  o.s.b.a.web.servlet.WelcomePageHandlerMapping - Adding welcome page: class path resource [static/index.html]
2024-12-19 11:04:04.999 [main] INFO  org.apache.coyote.http11.Http11NioProtocol - Starting ProtocolHandler ["http-nio-8079"]
2024-12-19 11:04:05.004 [main] INFO  o.s.boot.web.embedded.tomcat.TomcatWebServer - Tomcat started on port 8079 (http) with context path '/'
2024-12-19 11:04:05.011 [main] INFO  com.shuangqi.aiagent7.Aiagent7Application - Started Aiagent7Application in 1.413 seconds (process running for 1.742)
2024-12-19 11:04:40.768 [http-nio-8079-exec-2] INFO  o.a.c.core.ContainerBase.[Tomcat].[localhost].[/] - Initializing Spring DispatcherServlet 'dispatcherServlet'
2024-12-19 11:04:40.768 [http-nio-8079-exec-2] INFO  org.springframework.web.servlet.DispatcherServlet - Initializing Servlet 'dispatcherServlet'
2024-12-19 11:04:40.769 [http-nio-8079-exec-2] INFO  org.springframework.web.servlet.DispatcherServlet - Completed initialization in 1 ms
2024-12-19 11:04:40.787 [http-nio-8079-exec-2] INFO  com.shuangqi.aiagent7.config.WebLogInterceptor - Request: POST /rag/addRagVector
2024-12-19 11:04:42.884 [http-nio-8079-exec-2] INFO  com.zaxxer.hikari.HikariDataSource - HikariPool-1 - Starting...
2024-12-19 11:04:42.983 [http-nio-8079-exec-2] INFO  com.zaxxer.hikari.pool.HikariPool - HikariPool-1 - Added connection org.postgresql.jdbc.PgConnection@48cf59d7
2024-12-19 11:04:42.984 [http-nio-8079-exec-2] INFO  com.zaxxer.hikari.HikariDataSource - HikariPool-1 - Start completed.
2024-12-19 11:04:43.029 [http-nio-8079-exec-2] INFO  com.shuangqi.aiagent7.config.WebLogInterceptor - Response: POST /rag/addRagVector took 2242ms
